2024-07-01 14:44:14,717 - WARNING -  * Debugger is active!
2024-07-01 14:44:14,721 - INFO -  * Debugger PIN: 133-337-925
2024-07-01 14:45:51,434 - ER2024-07-01 14:47:43,038 - INFO -  * Restarting with stat
2024-07-01 14:47:46,745 - INFO -  * Restarting with stat
s://www.mackaysugar.com.au/Pages/default.aspx/contact: Cannot connect to host www.mackaysugar.com.au:443 ssl:True [SSLCertVerificationError: (1, '[SSL: CERTIFICATE_VERIFY_FAILED] certificate verify failed: unable to get local issuer certificate (_ssl.c:1129)')]
2024-07-01 14:45:56,889 - ERROR - Error accessing https://www.mackaysugar.com.au/Pages/default.aspx/contact: Cannot connect to host www.mackaysugar.com.au:443 ssl:True [SSLCertVerificationError: (1, '[SSL: CERTIFICATE_VERIFY_FAILED] certificate verify failed: unable to get local issuer certificate (_ssl.c:1129)')]
2024-07-01 14:45:59,067 - ERROR - Error accessing https://www.mackaysugar.com.au/Pages/default.aspx/contact: Cannot connect to host www.mackaysugar.com.au:443 ssl:True [SSLCertVerificationError: (1, '[SSL: CERTIFICATE_VERIFY_FAILED] certificate verify failed: unable to get local issuer certificate (_ssl.c:1129)')]
2024-07-01 14:45:59,252 - ERROR - Error accessing https://www.mackaysugar.com.au/Pages/default.aspx/contactus: Cannot connect to host www.mackaysugar.com.au:443 ssl:True [SSLCertVerificationError: (1, '[SSL: CERTIFICATE_VERIFY_FAILED] certificate verify failed: unable to get local issuer certificate (_ssl.c:1129)')]
2024-07-01 14:46:00,427 - ERROR - Error accessing https://www.mackaysugar.com.au/Pages/default.aspx/contactus: Cannot connect to host www.mackaysugar.com.au:443 ssl:True [SSLCertVerificationError: (1, '[SSL: CERTIFICATE_VERIFY_FAILED] certificate verify failed: unable to get local issuer certificate (_ssl.c:1129)')]
2024-07-01 14:46:02,629 - ERROR - Error accessing https://www.mackaysugar.com.au/Pages/default.aspx/contactus: Cannot connect to host www.mackaysugar.com.au:443 ssl:True [SSLCertVerificationError: (1, '[SSL: CERTIFICATE_VERIFY_FAILED] certificate verify failed: unable to get local issuer certificate (_ssl.c:1129)')]
2024-07-01 14:46:02,794 - ERROR - Error accessing https://www.mackaysugar.com.au/Pages/default.aspx/contact-us: Cannot connect to host www.mackaysugar.com.au:443 ssl:True [SSLCertVerificationError: (1, '[SSL: CERTIFICATE_VERIFY_FAILED] certificate verify failed: unable to get local issuer certificate (_ssl.c:1129)')]
2024-07-01 14:46:03,992 - ERROR - Error accessing https://www.mackaysugar.com.au/Pages/default.aspx/contact-us: Cannot connect to host www.mackaysugar.com.au:443 ssl:True [SSLCertVerificationError: (1, '[SSL: CERTIFICATE_VERIFY_FAILED] certificate verify failed: unable to get local issuer certificate (_ssl.c:1129)')]
2024-07-01 14:46:06,183 - ERROR - Error accessing https://www.mackaysugar.com.au/Pages/default.aspx/contact-us: Cannot connect to host www.mackaysugar.com.au:443 ssl:True [SSLCertVerificationError: (1, '[SSL: CERTIFICATE_VERIFY_FAILED] certificate verify failed: unable to get local issuer certificate (_ssl.c:1129)')]
2024-07-01 14:46:06,398 - ERROR - Error accessing https://www.mackaysugar.com.au/Pages/default.aspx/contact_us: Cannot connect to host www.mackaysugar.com.au:443 ssl:True [SSLCertVerificationError: (1, '[SSL: CERTIFICATE_VERIFY_FAILED] certificate verify failed: unable to get local issuer certificate (_ssl.c:1129)')]
2024-07-01 14:46:07,584 - ERROR - Error accessing https://www.mackaysugar.com.au/Pages/default.aspx/contact_us: Cannot connect to host www.mackaysugar.com.au:443 ssl:True [SSLCertVerificationError: (1, '[SSL: CERTIFICATE_VERIFY_FAILED] certificate verify failed: unable to get local issuer certificate (_ssl.c:1129)')]
2024-07-01 14:46:09,777 - ERROR - Error accessing https://www.mackaysugar.com.au/Pages/default.aspx/contact_us: Cannot connect to host www.mackaysugar.com.au:443 ssl:True [SSLCertVerificationError: (1, '[SSL: CERTIFICATE_VERIFY_FAILED] certificate verify failed: unable to get local issuer certificate (_ssl.c:1129)')]
2024-07-01 14:46:09,947 - ERROR - Error accessing https://www.mackaysugar.com.au/Pages/default.aspx/store/contact_us: Cannot connect to host www.mackaysugar.com.au:443 ssl:True [SSLCertVerificationError: (1, '[SSL: CERTIFICATE_VERIFY_FAILED] certificate verify failed: unable to get local issuer certificate (_ssl.c:1129)')]
2024-07-01 14:46:11,128 - ERROR - Error accessing https://www.mackaysugar.com.au/Pages/default.aspx/store/contact_us: Cannot connect to host www.mackaysugar.com.au:443 ssl:True [SSLCertVerificationError: (1, '[SSL: CERTIFICATE_VERIFY_FAILED] certificate verify failed: unable to get local issuer certificate (_ssl.c:1129)')]
2024-07-01 14:46:13,317 - ERROR - Error accessing https://www.mackaysugar.com.au/Pages/default.aspx/store/contact_us: Cannot connect to host www.mackaysugar.com.au:443 ssl:True [SSLCertVerificationError: (1, '[SSL: CERTIFICATE_VERIFY_FAILED] certificate verify failed: unable to get local issuer certificate (_ssl.c:1129)')]
2024-07-01 14:46:13,528 - ERROR - Error extracting emails from https://www.mackaysugar.com.au/Pages/default.aspx: Cannot connect to host www.mackaysugar.com.au:443 ssl:True [SSLCertVerificationError: (1, '[SSL: CERTIFICATE_VERIFY_FAILED] certificate verify failed: unable to get local issuer certificate (_ssl.c:1129)')]
2024-07-01 14:47:06,431 - ERROR - Error accessing http://www.greenantfarm.com/contactus: 
2024-07-01 14:47:13,441 - ERROR - Error accessing http://www.greenantfarm.com/contactus: 
2024-07-01 14:47:27,174 - ERROR - Error extracting emails from http://www.watkinsfarm.com.au: Cannot connect to host watkinsfamilyfarm.com.au:443 ssl:True [SSLCertVerificationError: (1, '[SSL: CERTIFICATE_VERIFY_FAILED] certificate verify failed: certificate has expired (_ssl.c:1129)')]
2024-07-01 14:47:27,480 - INFO - 127.0.0.1 - - [01/Jul/2024 14:47:27] "[35m[1mPOST /emails/ HTTP/1.1[0m" 500 -
2024-07-01 14:47:42,886 - INFO -  * Detected change in '/Users/winwin/Documents/GitHub/scraper_e/backend/scraper/app/emails/routes.py', reloading
